2025-05-08 08:16:56,780-__main__-INFO:Starting GUI App
2025-05-08 08:17:01,012-__main__-INFO:In function onDatasetSelect()
2025-05-08 08:17:01,483-__main__-INFO:In function onDatasetSelect()
2025-05-08 08:17:01,764-__main__-INFO:In function onDatasetSelect()
2025-05-08 08:17:02,275-__main__-INFO:In function onDatasetSelect()
2025-05-08 08:17:02,660-__main__-INFO:In function onDatasetSelect()
2025-05-08 08:17:02,884-__main__-INFO:In function onDatasetSelect()
2025-05-08 08:17:03,148-__main__-INFO:In function onDatasetSelect()
2025-05-08 08:21:43,125-__main__-INFO:Starting GUI App
2025-05-08 08:21:43,193-__main__-INFO:In function onDatasetSelect()
2025-05-08 08:23:27,356-__main__-INFO:Starting GUI App
2025-05-08 08:23:42,805-__main__-INFO:In function onDatasetSelect()
2025-05-08 08:30:28,562-__main__-INFO:Starting GUI App
2025-05-08 08:30:35,796-__main__-INFO:In function onDatasetSelect()
2025-05-08 08:30:37,115-__main__-INFO:In function onDatasetSelect()
2025-05-08 08:30:38,035-__main__-INFO:In function onDatasetSelect()
2025-05-08 08:30:38,420-__main__-INFO:In function onDatasetSelect()
2025-05-08 08:30:38,644-__main__-INFO:In function onDatasetSelect()
2025-05-08 08:30:38,860-__main__-INFO:In function onDatasetSelect()
2025-05-08 08:30:39,084-__main__-INFO:In function onDatasetSelect()
2025-05-08 08:30:39,299-__main__-INFO:In function onDatasetSelect()
2025-05-08 08:30:39,507-__main__-INFO:In function onDatasetSelect()
2025-05-08 08:30:39,788-__main__-INFO:In function onDatasetSelect()
2025-05-08 08:39:20,284-__main__-INFO:Starting GUI App
2025-05-08 08:39:29,188-__main__-INFO:Loading Dataset Males.csv
2025-05-08 08:46:03,003-__main__-INFO:Starting GUI App
2025-05-08 08:46:24,357-__main__-INFO:Loading Dataset Housing.csv
2025-05-08 08:47:53,755-__main__-INFO:Starting GUI App
2025-05-08 08:47:58,940-__main__-INFO:Loading Dataset nyc_marathon.csv
2025-05-08 08:50:55,187-__main__-INFO:Starting GUI App
2025-05-08 08:51:01,204-__main__-INFO:Loading Dataset oscars.csv
2025-05-08 18:57:02,428-__main__-INFO:Starting GUI App
2025-05-08 18:59:47,723-__main__-INFO:Starting GUI App
2025-05-08 18:59:54,317-__main__-INFO:Loading Dataset Males.csv
2025-05-08 18:59:55,276-__main__-INFO:Loading Dataset Males.csv
2025-05-08 18:59:56,388-__main__-INFO:Loading Dataset Males.csv
2025-05-08 19:15:42,737-__main__-INFO:Starting GUI App
2025-05-08 19:16:38,690-__main__-INFO:Starting GUI App
2025-05-08 19:18:27,124-__main__-INFO:Starting GUI App
2025-05-08 19:19:09,048-__main__-INFO:Starting GUI App
2025-05-08 19:19:40,638-__main__-INFO:Starting GUI App
2025-05-08 19:19:49,940-__main__-INFO:Loading Dataset Males.csv
2025-05-08 19:19:50,573-__main__-INFO:Loading Dataset Males.csv
2025-05-08 19:19:51,077-__main__-INFO:Loading Dataset Males.csv
2025-05-08 19:19:51,292-__main__-INFO:Loading Dataset Males.csv
2025-05-08 19:19:51,509-__main__-INFO:Loading Dataset Males.csv
2025-05-08 19:19:51,708-__main__-INFO:Loading Dataset Males.csv
2025-05-08 19:19:51,941-__main__-INFO:Loading Dataset Males.csv
2025-05-08 19:19:52,308-__main__-INFO:Loading Dataset Males.csv
2025-05-08 19:19:52,517-__main__-INFO:Loading Dataset Males.csv
2025-05-08 19:19:52,749-__main__-INFO:Loading Dataset Males.csv
2025-05-08 19:45:37,077-__main__-INFO:Starting GUI App
2025-05-08 19:45:42,741-__main__-INFO:Loading Dataset Select Dataset
2025-05-08 19:45:42,744-datasets-ERROR:The file path 'Select Dataset' does not exist.
2025-05-08 19:45:43,445-__main__-INFO:Loading Dataset Select Dataset
2025-05-08 19:45:43,445-datasets-ERROR:The file path 'Select Dataset' does not exist.
2025-05-08 19:45:43,693-__main__-INFO:Loading Dataset Select Dataset
2025-05-08 19:45:43,693-datasets-ERROR:The file path 'Select Dataset' does not exist.
2025-05-08 19:45:43,893-__main__-INFO:Loading Dataset Select Dataset
2025-05-08 19:45:43,893-datasets-ERROR:The file path 'Select Dataset' does not exist.
2025-05-08 19:45:44,933-__main__-INFO:Loading Dataset Select Dataset
2025-05-08 19:45:44,933-datasets-ERROR:The file path 'Select Dataset' does not exist.
2025-05-08 19:45:45,196-__main__-INFO:Loading Dataset Select Dataset
2025-05-08 19:45:45,197-datasets-ERROR:The file path 'Select Dataset' does not exist.
2025-05-08 19:45:51,829-__main__-INFO:Loading Dataset wages (1).csv
2025-05-08 19:45:52,053-__main__-INFO:Loading Dataset wages (1).csv
2025-05-08 19:45:52,293-__main__-INFO:Loading Dataset wages (1).csv
2025-05-08 19:45:52,493-__main__-INFO:Loading Dataset wages (1).csv
2025-05-08 19:47:20,018-__main__-INFO:Starting GUI App
2025-05-08 19:48:02,851-__main__-INFO:Starting GUI App
2025-05-08 19:48:09,109-__main__-INFO:Loading Dataset Housing.csv
2025-05-08 19:48:09,293-__main__-INFO:Loading Dataset Housing.csv
2025-05-08 19:48:09,485-__main__-INFO:Loading Dataset Housing.csv
2025-05-08 19:48:09,717-__main__-INFO:Loading Dataset Housing.csv
2025-05-08 19:48:09,972-__main__-INFO:Loading Dataset Housing.csv
2025-05-08 19:56:07,948-__main__-INFO:Starting GUI App
2025-05-08 20:13:10,308-__main__-INFO:Starting GUI App
2025-05-08 20:14:39,338-__main__-INFO:Starting GUI App
2025-05-08 20:17:53,350-__main__-INFO:Starting GUI App
2025-05-08 20:18:59,556-__main__-INFO:Starting GUI App
2025-05-08 20:19:32,002-__main__-INFO:Starting GUI App
2025-05-08 20:21:29,781-__main__-INFO:Starting GUI App
2025-05-08 20:22:06,509-__main__-INFO:Starting GUI App
2025-05-08 20:22:35,311-__main__-INFO:Starting GUI App
2025-05-08 20:22:57,675-__main__-INFO:Starting GUI App
2025-05-08 20:23:31,156-__main__-INFO:Starting GUI App
2025-05-08 20:23:52,855-__main__-INFO:Starting GUI App
2025-05-08 20:24:17,825-__main__-INFO:Starting GUI App
2025-05-08 20:25:15,775-__main__-INFO:Starting GUI App
2025-05-08 20:25:48,846-__main__-INFO:Starting GUI App
2025-05-08 20:26:10,581-__main__-INFO:Starting GUI App
2025-05-08 20:26:30,560-__main__-INFO:Starting GUI App
2025-05-08 20:27:03,559-__main__-INFO:Starting GUI App
2025-05-08 20:27:56,304-__main__-INFO:Starting GUI App
2025-05-08 20:28:17,014-__main__-INFO:Starting GUI App
2025-05-08 20:31:42,645-__main__-INFO:Starting GUI App
2025-05-08 20:32:07,047-__main__-INFO:Starting GUI App
2025-05-08 20:34:57,058-__main__-INFO:Starting GUI App
2025-05-08 20:35:47,787-__main__-INFO:Starting GUI App
2025-05-08 20:36:25,155-__main__-INFO:Starting GUI App
2025-05-08 20:37:11,835-__main__-INFO:Starting GUI App
2025-05-08 20:37:38,770-__main__-INFO:Starting GUI App
2025-05-08 20:38:53,125-__main__-INFO:Starting GUI App
2025-05-08 21:04:05,355-__main__-INFO:Starting GUI App
2025-05-09 08:15:56,454-__main__-INFO:Starting GUI App
2025-05-09 08:22:10,854-__main__-INFO:Starting GUI App
2025-05-09 08:22:44,067-__main__-INFO:Starting GUI App
2025-05-09 08:23:25,263-__main__-INFO:Starting GUI App
2025-05-09 08:23:50,272-__main__-INFO:Starting GUI App
2025-05-09 08:46:49,612-__main__-INFO:Starting GUI App
2025-05-09 08:49:45,942-__main__-INFO:Starting GUI App
2025-05-09 09:26:31,070-__main__-INFO:Starting GUI App
2025-05-09 09:29:39,944-__main__-INFO:Starting GUI App
2025-05-09 09:31:18,280-__main__-INFO:Starting GUI App
2025-05-09 09:37:02,485-__main__-INFO:Starting GUI App
2025-05-09 09:39:06,988-__main__-INFO:Starting GUI App
2025-05-09 09:42:37,532-__main__-INFO:Starting GUI App
2025-05-09 09:44:51,746-__main__-INFO:Starting GUI App
2025-05-09 09:44:58,646-__main__-INFO:Loading Dataset penguins.csv
2025-05-09 09:45:18,191-__main__-INFO:Loading Dataset Housing.csv
2025-05-09 09:45:29,123-__main__-INFO:Loading Dataset Housing.csv
2025-05-09 09:45:30,467-__main__-INFO:Loading Dataset Housing.csv
2025-05-09 09:45:30,834-__main__-INFO:Loading Dataset Housing.csv
2025-05-09 09:46:18,383-__main__-INFO:Starting GUI App
2025-05-09 09:46:24,686-__main__-INFO:Loading Dataset Housing.csv
2025-05-09 09:46:27,123-__main__-INFO:Loading Dataset Housing.csv
2025-05-09 10:32:39,002-__main__-INFO:Starting GUI App
2025-05-09 10:33:57,170-__main__-INFO:Loading Dataset penguins.csv
2025-05-09 10:38:38,169-__main__-INFO:Starting GUI App
2025-05-09 10:38:45,006-__main__-INFO:Loading Dataset Males.csv
2025-05-09 10:38:51,756-__main__-INFO:Loading Dataset penguins.csv
2025-05-09 10:39:05,458-__main__-INFO:Loading Dataset Pound.csv
2025-05-09 10:58:05,797-__main__-INFO:Starting GUI App
2025-05-09 10:58:13,665-__main__-INFO:Loading Dataset Housing.csv
2025-05-09 10:58:21,492-__main__-INFO:Loading Dataset penguins.csv
2025-05-09 10:58:27,102-__main__-INFO:Loading Dataset Wages.csv
2025-05-09 10:59:33,566-__main__-INFO:Loading Dataset Cuckoo.csv
2025-05-09 11:31:15,947-__main__-INFO:Starting GUI App
2025-05-09 11:31:24,123-__main__-INFO:Loading Dataset BlueJays.csv
2025-05-09 12:00:13,203-__main__-INFO:Loading Dataset Pound.csv
2025-05-09 12:00:18,861-__main__-INFO:Loading Dataset Cuckoo.csv
2025-05-09 13:39:56,794-__main__-INFO:Starting GUI App
2025-05-09 13:40:15,335-__main__-INFO:Starting GUI App
2025-05-09 13:40:38,441-__main__-INFO:Starting GUI App
2025-05-09 13:40:55,281-__main__-INFO:Starting GUI App
2025-05-09 13:41:12,404-__main__-INFO:Starting GUI App
2025-05-09 13:41:21,724-__main__-INFO:Starting GUI App
2025-05-09 13:41:39,331-__main__-INFO:Starting GUI App
2025-05-09 13:42:29,311-__main__-INFO:Starting GUI App
2025-05-09 13:42:48,961-__main__-INFO:Starting GUI App
2025-05-09 13:43:24,587-__main__-INFO:Starting GUI App
2025-05-09 13:44:47,473-__main__-INFO:Starting GUI App
2025-05-09 13:45:29,367-__main__-INFO:Starting GUI App
2025-05-09 13:45:51,068-__main__-INFO:Starting GUI App
2025-05-09 13:48:10,293-__main__-INFO:Starting GUI App
2025-05-09 13:49:10,901-__main__-INFO:Starting GUI App
2025-05-09 13:49:17,068-__main__-INFO:Starting GUI App
2025-05-09 13:51:14,772-__main__-INFO:Starting GUI App
2025-05-09 13:51:27,926-__main__-INFO:Starting GUI App
2025-05-09 13:51:48,130-__main__-INFO:Starting GUI App
2025-05-09 13:52:13,908-__main__-INFO:Starting GUI App
2025-05-09 13:52:43,377-__main__-INFO:Starting GUI App
2025-05-09 13:54:25,335-__main__-INFO:Starting GUI App
2025-05-09 13:54:46,446-__main__-INFO:Starting GUI App
2025-05-09 13:55:14,487-__main__-INFO:Starting GUI App
2025-05-09 13:55:27,056-__main__-INFO:Starting GUI App
2025-05-09 13:56:31,976-__main__-INFO:Starting GUI App
2025-05-09 13:58:37,837-__main__-INFO:Starting GUI App
2025-05-09 13:59:02,834-__main__-INFO:Starting GUI App
2025-05-09 13:59:52,293-__main__-INFO:Starting GUI App
2025-05-09 14:09:37,877-__main__-INFO:Starting GUI App
2025-05-09 14:10:20,178-__main__-INFO:Starting GUI App
2025-05-09 14:10:26,969-__main__-INFO:Loading Dataset Males.csv
2025-05-09 14:11:08,496-__main__-INFO:Starting GUI App
2025-05-09 14:11:12,366-__main__-INFO:Loading Dataset BlueJays.csv
2025-05-09 14:16:15,649-__main__-INFO:Starting GUI App
2025-05-09 14:16:38,074-__main__-INFO:Starting GUI App
2025-05-09 14:16:43,374-__main__-INFO:Loading Dataset Cuckoo.csv
2025-05-09 14:17:31,908-__main__-INFO:Starting GUI App
2025-05-09 14:17:37,722-__main__-INFO:Loading Dataset Cuckoo.csv
2025-05-09 14:18:56,296-__main__-INFO:Starting GUI App
2025-05-09 14:19:00,471-__main__-INFO:Loading Dataset Males.csv
2025-05-09 14:22:07,933-__main__-INFO:Starting GUI App
2025-05-09 14:22:15,225-__main__-INFO:Loading Dataset Cuckoo.csv
2025-05-09 14:23:34,074-__main__-INFO:Starting GUI App
2025-05-09 14:23:45,178-__main__-INFO:Loading Dataset Cuckoo.csv
2025-05-09 14:24:26,927-__main__-INFO:Starting GUI App
2025-05-09 14:24:33,320-__main__-INFO:Loading Dataset Males.csv
2025-05-09 14:25:19,700-__main__-INFO:Starting GUI App
2025-05-09 14:26:06,647-__main__-INFO:Starting GUI App
2025-05-09 14:26:12,205-__main__-INFO:Loading Dataset Housing.csv
2025-05-09 14:26:46,833-__main__-INFO:Loading Dataset Pound.csv
2025-05-09 20:22:10,917-__main__-INFO:Starting GUI App
2025-05-09 20:23:14,053-__main__-INFO:Starting GUI App
2025-05-09 20:25:00,008-__main__-INFO:Starting GUI App
2025-05-09 20:25:29,314-__main__-INFO:Starting GUI App
2025-05-09 20:25:40,059-__main__-INFO:Loading Dataset oscars.csv
2025-05-09 20:26:57,394-__main__-INFO:Starting GUI App
2025-05-09 20:27:02,945-__main__-INFO:Loading Dataset Housing.csv
2025-05-09 20:29:45,868-__main__-INFO:Starting GUI App
2025-05-09 20:29:52,039-__main__-INFO:Loading Dataset BlueJays.csv
2025-05-09 20:29:56,678-__main__-INFO:Loading Dataset Pound.csv
2025-05-09 20:30:00,134-__main__-INFO:Loading Dataset nyc_marathon.csv
2025-05-10 09:06:06,085-__main__-INFO:Starting GUI App
2025-05-10 09:06:13,716-__main__-INFO:Loading Dataset Cuckoo.csv
2025-05-10 09:07:00,164-__main__-INFO:Starting GUI App
2025-05-10 09:07:05,081-__main__-INFO:Loading Dataset Cuckoo.csv
2025-05-10 09:07:20,629-__main__-INFO:Starting GUI App
2025-05-10 09:07:26,884-__main__-INFO:Loading Dataset BlueJays.csv
2025-05-10 09:08:01,314-__main__-INFO:Loading Dataset Yen.csv
2025-05-10 09:08:31,352-__main__-INFO:Starting GUI App
2025-05-10 09:08:39,442-__main__-INFO:Loading Dataset Yen.csv
2025-05-10 09:09:06,538-__main__-INFO:Loading Dataset penguins.csv
2025-05-10 09:09:19,180-__main__-INFO:Starting GUI App
2025-05-10 09:09:25,607-__main__-INFO:Loading Dataset Housing.csv
2025-05-10 09:12:11,716-__main__-INFO:Starting GUI App
2025-05-10 09:12:18,318-__main__-INFO:Loading Dataset oscars.csv
2025-05-10 09:12:32,639-__main__-INFO:Loading Dataset Housing.csv
2025-05-10 09:14:16,869-__main__-INFO:Starting GUI App
2025-05-10 09:14:24,632-__main__-INFO:Loading Dataset oscars.csv
2025-05-10 11:14:44,724-__main__-INFO:Starting GUI App
2025-05-10 11:14:50,578-__main__-INFO:Loading Dataset Housing.csv
2025-05-10 11:18:25,995-__main__-INFO:Starting GUI App
2025-05-10 11:18:30,713-__main__-INFO:Loading Dataset Males.csv
2025-05-10 11:18:41,764-__main__-INFO:Loading Dataset BlueJays.csv
2025-05-10 11:19:20,681-__main__-INFO:Loading Dataset Housing.csv
2025-05-10 11:33:16,489-__main__-INFO:Starting GUI App
2025-05-10 11:33:21,847-__main__-INFO:Loaded Dataset file penguins.csv
2025-05-10 11:33:31,344-__main__-INFO:Loaded Dataset file BlueJays.csv
2025-05-10 11:37:45,980-__main__-INFO:Starting GUI App
2025-05-10 11:37:51,485-__main__-INFO:Loaded Dataset file Cuckoo.csv
2025-05-10 11:37:55,264-__main__-INFO:Loaded Dataset file BlueJays.csv
2025-05-10 11:38:56,947-__main__-INFO:Starting GUI App
2025-05-10 11:39:02,179-__main__-INFO:Loaded Dataset file Cuckoo.csv
2025-05-10 11:39:33,693-__main__-INFO:Starting GUI App
2025-05-10 11:39:42,595-__main__-INFO:Loaded Dataset file BlueJays.csv
2025-05-10 11:40:07,592-__main__-INFO:Loaded Dataset file Housing.csv
2025-05-10 11:42:13,833-__main__-INFO:Starting GUI App
2025-05-10 11:42:19,195-__main__-INFO:Loaded Dataset file Males.csv
2025-05-10 11:42:28,693-__main__-INFO:Loaded Dataset file Males.csv
2025-05-10 11:42:39,678-__main__-INFO:Loaded Dataset file Males.csv
2025-05-10 11:43:17,535-__main__-INFO:Starting GUI App
2025-05-10 11:43:22,065-__main__-INFO:Loaded Dataset file Males.csv
2025-05-10 11:43:54,949-__main__-INFO:Starting GUI App
2025-05-10 11:43:59,158-__main__-INFO:Loaded Dataset file penguins.csv
2025-05-10 11:46:46,497-__main__-INFO:Starting GUI App
2025-05-10 11:46:52,121-__main__-INFO:Loaded Dataset file Males.csv
2025-05-10 11:47:11,778-__main__-INFO:Starting GUI App
2025-05-10 11:47:19,327-__main__-INFO:Loaded Dataset file oscars.csv
2025-05-10 11:50:11,660-__main__-INFO:Starting GUI App
2025-05-10 11:50:34,716-__main__-INFO:Starting GUI App
2025-05-10 11:50:47,241-__main__-INFO:Starting GUI App
2025-05-10 11:51:22,733-__main__-INFO:Starting GUI App
2025-05-10 11:51:39,577-__main__-INFO:Starting GUI App
2025-05-10 11:51:59,567-__main__-INFO:Starting GUI App
2025-05-10 11:52:17,165-__main__-INFO:Starting GUI App
2025-05-10 11:52:35,869-__main__-INFO:Loaded Dataset file Housing.csv
2025-05-10 11:59:40,808-__main__-INFO:Starting GUI App
2025-05-10 12:00:27,017-__main__-INFO:Starting GUI App
2025-05-10 12:01:11,964-__main__-INFO:Starting GUI App
2025-05-10 12:01:48,391-__main__-INFO:Starting GUI App
2025-05-10 12:02:14,276-__main__-INFO:Starting GUI App
2025-05-10 12:02:45,141-__main__-INFO:Starting GUI App
2025-05-10 12:03:00,976-__main__-INFO:Loaded Dataset file Males.csv
2025-05-10 13:04:20,052-__main__-INFO:Starting GUI App
2025-05-10 13:06:37,348-__main__-INFO:Starting GUI App
2025-05-10 13:07:04,307-__main__-INFO:Starting GUI App
2025-05-10 13:07:43,376-__main__-INFO:Starting GUI App
2025-05-10 13:09:48,379-__main__-INFO:Starting GUI App
2025-05-10 13:12:01,491-__main__-INFO:Starting GUI App
2025-05-10 13:12:28,691-__main__-INFO:Starting GUI App
2025-05-10 13:13:29,040-__main__-INFO:Starting GUI App
2025-05-10 13:14:00,424-__main__-INFO:Starting GUI App
2025-05-10 13:14:34,639-__main__-INFO:Starting GUI App
2025-05-10 13:14:59,318-__main__-INFO:Starting GUI App
2025-05-10 13:15:11,649-__main__-INFO:Loaded Dataset file oscars.csv
2025-05-10 13:44:24,308-__main__-INFO:Starting GUI App
2025-05-10 13:44:34,820-__main__-INFO:Loaded Dataset file penguins.csv
2025-05-11 10:57:42,115-__main__-INFO:Starting GUI App
2025-05-11 10:57:48,066-__main__-INFO:Loaded Dataset file Males.csv
2025-05-11 11:00:57,617-__main__-INFO:Starting GUI App
2025-05-11 11:01:04,988-__main__-INFO:Loaded Dataset file penguins.csv
2025-05-11 11:01:20,472-__main__-INFO:Loaded Dataset file Housing.csv
2025-05-11 11:04:36,059-__main__-INFO:Starting GUI App
2025-05-11 11:04:41,601-__main__-INFO:Loaded Dataset file Housing.csv
2025-05-11 11:07:51,677-__main__-INFO:Starting GUI App
2025-05-11 11:08:05,751-__main__-INFO:Starting GUI App
2025-05-11 11:08:11,574-__main__-INFO:Loaded Dataset file Males.csv
2025-05-11 11:08:35,835-__main__-INFO:Starting GUI App
2025-05-11 11:08:41,025-__main__-INFO:Loaded Dataset file penguins.csv
2025-05-11 11:08:49,670-__main__-INFO:Loaded Dataset file Housing.csv
2025-05-11 11:24:13,255-__main__-INFO:Starting GUI App
2025-05-11 11:25:06,333-__main__-INFO:Starting GUI App
2025-05-11 11:25:10,957-__main__-INFO:Loaded Dataset file Males.csv
2025-05-11 11:25:27,834-__main__-INFO:Loaded Dataset file Cuckoo.csv
2025-05-11 11:35:12,205-__main__-INFO:Starting GUI App
2025-05-11 11:35:16,918-__main__-INFO:Loaded Dataset file oscars.csv
2025-05-11 11:35:23,379-__main__-INFO:Generating Histo for: age attribute
2025-05-11 12:53:24,521-__main__-INFO:Starting GUI App
2025-05-11 12:53:30,126-__main__-INFO:Loaded Dataset file nyc_marathon.csv
2025-05-11 12:53:40,063-__main__-INFO:Loaded Dataset file Cuckoo.csv
2025-05-11 12:53:47,380-__main__-INFO:Generating Histo for: time_hrs attribute
2025-05-11 12:56:49,068-__main__-INFO:Starting GUI App
2025-05-11 12:56:54,004-__main__-INFO:Loaded Dataset file BlueJays.csv
2025-05-11 12:57:01,116-__main__-INFO:Generating Histo for: BillDepth attribute
2025-05-11 12:57:01,118-plots-INFO:Staring Histo Plot of BlueJays.csv.
2025-05-11 12:57:01,118-plots-ERROR:An unexpected error occurred: string indices must be integers, not 'str'
2025-05-11 12:57:24,780-__main__-INFO:Generating Histo for: BillLength attribute
2025-05-11 12:57:24,781-plots-INFO:Staring Histo Plot of BlueJays.csv.
2025-05-11 12:57:24,781-plots-ERROR:An unexpected error occurred: string indices must be integers, not 'str'
2025-05-11 12:58:59,955-__main__-INFO:Starting GUI App
2025-05-11 12:59:04,242-__main__-INFO:Loaded Dataset file BlueJays.csv
2025-05-11 12:59:19,869-__main__-INFO:Generating Histo for: BillDepth attribute
2025-05-11 12:59:19,872-plots-INFO:Staring Histo Plot of BlueJays.csv.
2025-05-11 13:01:01,859-__main__-INFO:Starting GUI App
2025-05-11 13:01:05,497-__main__-INFO:Loaded Dataset file BlueJays.csv
2025-05-11 13:01:09,069-__main__-INFO:Generating Histo for: BillWidth attribute
2025-05-11 13:01:09,071-plots-INFO:Staring Histo Plot of BillWidth.
2025-05-11 13:04:06,882-__main__-INFO:Starting GUI App
2025-05-11 13:04:12,105-__main__-INFO:Loaded Dataset file BlueJays.csv
2025-05-11 13:04:14,861-__main__-INFO:Generating Histo for: BillDepth attribute
2025-05-11 13:04:14,862-plots-INFO:Staring Histo Plot of BillDepth.
2025-05-11 13:46:41,363-__main__-INFO:Starting GUI App
2025-05-11 13:46:46,742-__main__-INFO:Loaded Dataset file BlueJays.csv
2025-05-11 13:46:52,621-__main__-INFO:Generating Histo for: BillDepth attribute
2025-05-11 13:46:52,622-plots-INFO:Staring Histo Plot of BillDepth.
2025-05-11 13:46:52,757-plots-ERROR:An unexpected error occurred: name 'data_name' is not defined
2025-05-11 13:53:46,468-__main__-INFO:Starting GUI App
2025-05-11 13:53:50,522-__main__-INFO:Loaded Dataset file BlueJays.csv
2025-05-11 13:53:53,445-__main__-INFO:Generating Histo for: BillDepth attribute
2025-05-11 13:53:53,446-plots-INFO:Staring Histo Plot of BillDepth.
2025-05-11 13:53:53,566-plots-ERROR:An unexpected error occurred: 'numpy.ndarray' object has no attribute 'hist'
2025-05-11 13:56:15,407-__main__-INFO:Starting GUI App
2025-05-11 13:57:03,519-__main__-INFO:Starting GUI App
2025-05-11 13:57:07,873-__main__-INFO:Loaded Dataset file BlueJays.csv
2025-05-11 13:57:10,133-__main__-INFO:Generating Histo for: BillDepth attribute
2025-05-11 13:57:10,134-plots-INFO:Staring Histo Plot of BillDepth.
2025-05-11 13:58:17,623-plots-ERROR:An unexpected error occurred: 'numpy.ndarray' object has no attribute 'hist'
2025-05-11 14:02:51,838-__main__-INFO:Starting GUI App
2025-05-11 14:02:57,089-__main__-INFO:Loaded Dataset file BlueJays.csv
2025-05-11 14:03:01,038-__main__-INFO:Generating Histo for: BillDepth attribute
2025-05-11 14:03:01,039-plots-INFO:Staring Histo Plot of BillDepth.
2025-05-11 14:03:27,054-plots-INFO:Completed Histo Plot of BillDepth.
2025-05-11 14:23:04,136-__main__-INFO:Starting GUI App
2025-05-11 14:23:08,765-__main__-INFO:Loaded Dataset file Cuckoo.csv
2025-05-11 14:23:11,782-__main__-INFO:Generating Histo for: Length attribute
2025-05-11 14:23:11,783-plots-INFO:Staring Histo Plot of Length.
2025-05-11 14:23:11,892-plots-ERROR:An unexpected error occurred: alpha must be numeric or None, not <class 'str'>
2025-05-11 14:23:40,981-__main__-INFO:Generating Histo for: Bird attribute
2025-05-11 14:23:40,982-plots-INFO:Staring Histo Plot of Bird.
2025-05-11 14:23:41,073-plots-ERROR:An unexpected error occurred: alpha must be numeric or None, not <class 'str'>
2025-05-11 14:25:51,386-__main__-INFO:Starting GUI App
2025-05-11 14:25:56,106-__main__-INFO:Loaded Dataset file Cuckoo.csv
2025-05-11 14:25:58,654-__main__-INFO:Generating Histo for: Length attribute
2025-05-11 14:25:58,655-plots-INFO:Staring Histo Plot of Length.
2025-05-11 14:25:58,857-plots-INFO:Completed Histo Plot of Length.
2025-05-11 16:17:48,699-__main__-INFO:Starting GUI App
2025-05-11 16:17:54,566-__main__-INFO:Loaded Dataset file Cuckoo.csv
2025-05-11 16:17:59,912-__main__-INFO:Generating Histo for: Length attribute
2025-05-11 16:19:36,881-__main__-INFO:Starting GUI App
2025-05-11 16:19:42,551-__main__-INFO:Loaded Dataset file BlueJays.csv
2025-05-11 16:19:47,392-__main__-INFO:Generating Histo for: BillDepth attribute
2025-05-11 16:19:47,393-plots-INFO:Staring Histo Plot of BillDepth.
2025-05-11 16:19:47,661-plots-ERROR:An unexpected error occurred: 'type' object does not support the context manager protocol
2025-05-11 16:21:40,951-__main__-INFO:Starting GUI App
2025-05-11 16:21:47,874-__main__-INFO:Loaded Dataset file BlueJays.csv
2025-05-11 16:21:52,192-__main__-INFO:Generating Histo for: BillWidth attribute
2025-05-11 16:21:52,194-plots-INFO:Staring Histo Plot of BillWidth.
2025-05-11 16:25:35,374-__main__-INFO:Starting GUI App
2025-05-11 16:25:43,292-__main__-INFO:Loaded Dataset file BlueJays.csv
2025-05-11 16:25:48,391-__main__-INFO:Generating Histo for: BillDepth attribute
2025-05-11 16:25:48,392-plots-INFO:Staring Histo Plot of BillDepth.
2025-05-11 16:25:48,669-plots-INFO:Completed Histo Plot of BillDepth as return as utf-8 buffer.
2025-05-11 16:29:05,936-__main__-INFO:Starting GUI App
2025-05-11 16:29:10,829-__main__-INFO:Loaded Dataset file BlueJays.csv
2025-05-11 16:29:15,112-__main__-INFO:Generating Histo for: BillDepth attribute
2025-05-11 16:29:15,146-plots-INFO:Staring Histo Plot of BillDepth.
2025-05-11 16:29:15,428-plots-INFO:Completed Histo Plot of BillDepth as return as utf-8 buffer.
2025-05-11 19:35:42,417-__main__-INFO:Starting GUI App
2025-05-11 19:35:47,436-__main__-INFO:Loaded Dataset file Cuckoo.csv
2025-05-11 19:35:52,157-__main__-INFO:Generating Histo for: Length attribute
2025-05-11 19:36:25,872-__main__-INFO:Starting GUI App
2025-05-11 19:36:31,249-__main__-INFO:Loaded Dataset file BlueJays.csv
2025-05-11 19:36:34,338-__main__-INFO:Generating Histo for: BillWidth attribute
2025-05-11 19:43:11,245-__main__-INFO:Starting GUI App
2025-05-11 19:43:15,231-__main__-INFO:Loaded Dataset file BlueJays.csv
2025-05-11 19:43:18,906-__main__-INFO:Generating Histo for: BillDepth attribute
2025-05-11 19:43:18,908-plots-INFO:Staring Create a new notebook object.
2025-05-11 19:43:18,943-plots-INFO:Creating Markdown Cell for of Histogram Image.
2025-05-11 19:43:18,943-plots-INFO:Staring Histo Plot of BillDepth.
2025-05-11 19:43:19,261-plots-INFO:Completed Histo Plot of BillDepth as return as utf-8 buffer.
2025-05-11 20:28:44,408-__main__-INFO:Starting GUI App
2025-05-11 20:28:51,504-__main__-INFO:Loaded Dataset file iris.csv
2025-05-11 20:29:02,170-__main__-INFO:Generating Histo for: petal.length attribute
2025-05-11 20:29:02,171-plots-INFO:Staring Create a new notebook object.
2025-05-11 20:29:02,206-plots-INFO:Creating Markdown Cell for of Histogram Image.
2025-05-11 20:29:02,206-plots-INFO:Staring Histo Plot of petal.length.
2025-05-11 20:29:02,480-plots-INFO:Completed Histo Plot of petal.length as return as utf-8 buffer.
2025-05-11 20:29:41,383-__main__-INFO:Starting GUI App
2025-05-11 20:29:48,311-__main__-INFO:Loaded Dataset file BlueJays.csv
2025-05-11 20:29:55,347-__main__-INFO:Generating Histo for: BillDepth attribute
2025-05-11 20:29:55,348-plots-INFO:Staring Create a new notebook object.
2025-05-11 20:29:55,382-plots-INFO:Creating Markdown Cell for of Histogram Image.
2025-05-11 20:29:55,382-plots-INFO:Staring Histo Plot of BillDepth.
2025-05-11 20:29:55,661-plots-INFO:Completed Histo Plot of BillDepth as return as utf-8 buffer.
2025-05-11 20:35:15,381-__main__-INFO:Starting GUI App
2025-05-11 20:35:20,007-__main__-INFO:Loaded Dataset file iris.csv
2025-05-11 20:35:24,467-__main__-INFO:Generating Histo for: petal.length attribute
2025-05-11 20:35:24,468-plots-INFO:Staring Create a new notebook object.
2025-05-11 20:35:24,502-plots-INFO:Creating Markdown Cell for of Statistical Summary.
2025-05-11 20:38:24,176-__main__-INFO:Starting GUI App
2025-05-11 20:38:28,392-__main__-INFO:Loaded Dataset file iris.csv
2025-05-11 20:38:32,691-__main__-INFO:Generating Histo for: petal.length attribute
2025-05-11 20:38:32,693-plots-INFO:Staring Create a new notebook object.
2025-05-11 20:38:32,726-plots-INFO:Creating Markdown Cell for of Statistical Summary.
2025-05-11 20:38:41,194-__main__-INFO:Generating Histo for: petal.length attribute
2025-05-11 20:38:41,196-plots-INFO:Staring Create a new notebook object.
2025-05-11 20:38:41,196-plots-INFO:Creating Markdown Cell for of Statistical Summary.
2025-05-11 20:39:46,706-__main__-INFO:Starting GUI App
2025-05-11 20:39:52,150-__main__-INFO:Loaded Dataset file iris.csv
2025-05-11 20:40:23,300-__main__-INFO:Generating Histo for: sepal.width attribute
2025-05-11 20:41:17,276-plots-INFO:Staring Create a new notebook object.
2025-05-11 20:41:42,308-plots-INFO:Creating Markdown Cell for of Statistical Summary.
2025-05-11 20:43:30,521-__main__-INFO:Generating Histo for: petal.width attribute
2025-05-11 20:43:30,522-plots-INFO:Staring Create a new notebook object.
2025-05-11 20:43:30,522-plots-INFO:Creating Markdown Cell for of Statistical Summary.
2025-05-11 20:43:33,294-__main__-INFO:Generating Histo for: petal.width attribute
2025-05-11 20:43:33,295-plots-INFO:Staring Create a new notebook object.
2025-05-11 20:43:33,295-plots-INFO:Creating Markdown Cell for of Statistical Summary.
2025-05-11 21:47:48,111-__main__-INFO:Starting GUI App
2025-05-11 21:47:53,177-__main__-INFO:Loaded Dataset file iris.csv
2025-05-11 21:47:57,588-__main__-INFO:Generating Histo for: petal.length attribute
2025-05-11 21:47:57,589-plots-INFO:Staring Create a new notebook object.
2025-05-11 21:47:57,623-plots-INFO:Creating Markdown Cell for of Statistical Summary.
2025-05-11 21:48:24,423-__main__-INFO:Starting GUI App
2025-05-11 21:48:29,462-__main__-INFO:Loaded Dataset file iris.csv
2025-05-11 21:48:45,429-__main__-INFO:Generating Histo for: petal.length attribute
2025-05-11 21:49:46,693-plots-INFO:Staring Create a new notebook object.
2025-05-11 21:49:59,398-plots-INFO:Creating Markdown Cell for of Statistical Summary.
2025-05-11 21:52:49,232-__main__-INFO:Starting GUI App
2025-05-11 21:52:54,351-__main__-INFO:Loaded Dataset file iris.csv
2025-05-11 21:53:14,485-__main__-INFO:Generating Histo for: petal.width attribute
2025-05-11 21:53:19,341-plots-INFO:Staring Create a new notebook object.
2025-05-11 21:53:19,383-plots-INFO:Creating Markdown Cell for of Statistical Summary.
2025-05-11 21:58:36,873-__main__-INFO:Starting GUI App
2025-05-11 21:58:41,095-__main__-INFO:Loaded Dataset file iris.csv
2025-05-11 21:58:49,445-__main__-INFO:Generating Histo for: petal.length attribute
2025-05-11 21:58:49,447-plots-INFO:Staring Create a new notebook object.
2025-05-11 21:58:49,489-plots-INFO:Creating Markdown Cell for of Statistical Summary.
2025-05-11 22:01:11,674-__main__-INFO:Starting GUI App
2025-05-11 22:01:15,791-__main__-INFO:Loaded Dataset file iris.csv
2025-05-11 22:01:20,276-__main__-INFO:Generating Histo for: petal.length attribute
2025-05-11 22:01:20,278-plots-INFO:Staring Create a new notebook object.
2025-05-11 22:01:20,317-plots-INFO:Creating Markdown Cell for of Statistical Summary.
2025-05-11 22:01:42,014-plots-INFO:Creating Markdown Cell for of Histogram Image.
2025-05-11 22:01:42,014-plots-INFO:Staring Histo Plot of petal.length.
2025-05-11 22:01:47,136-plots-INFO:Completed Histo Plot of petal.length as return as utf-8 buffer.
2025-05-11 22:18:09,066-__main__-INFO:Starting GUI App
2025-05-11 22:18:17,728-__main__-INFO:Loaded Dataset file Cuckoo.csv
2025-05-11 22:18:22,314-__main__-INFO:Loaded Dataset file penguins.csv
2025-05-12 01:26:43,323-__main__-INFO:Starting GUI App
2025-05-12 01:27:10,855-__main__-INFO:Loaded Dataset file Housing.csv
2025-05-12 09:11:57,326-__main__-INFO:Starting GUI App
2025-05-12 09:12:04,178-__main__-INFO:Loaded Dataset file iris.csv
2025-05-12 09:12:10,614-__main__-INFO:Generating Histo for: petal.length attribute
2025-05-12 09:12:10,615-plots-INFO:Staring Create a new notebook object.
2025-05-12 09:12:10,650-plots-INFO:Creating Markdown Cell for of Statistical Summary.
2025-05-12 09:12:10,653-plots-INFO:Creating Markdown Cell for of Histogram Image.
2025-05-12 09:12:10,653-plots-INFO:Staring Histo Plot of petal.length.
2025-05-12 09:12:10,935-plots-INFO:Completed Histo Plot of petal.length as return as utf-8 buffer.
2025-05-12 09:12:10,936-plots-INFO:Creating Markdown Cell for of Histogram Image.
2025-05-12 09:12:10,936-plots-INFO:Staring Histo Plot of petal.length.
2025-05-12 09:12:11,203-plots-INFO:Completed Histo Plot of petal.length as return as utf-8 buffer.
2025-05-12 09:16:26,383-__main__-INFO:Starting GUI App
2025-05-12 09:16:31,378-__main__-INFO:Loaded Dataset file iris.csv
2025-05-12 09:16:35,934-__main__-INFO:Generating Histo for: petal.length attribute
2025-05-12 09:16:35,935-plots-INFO:Staring Create a new notebook object.
2025-05-12 09:16:35,969-plots-INFO:Creating Markdown Cell for of Statistical Summary.
2025-05-12 09:16:35,971-plots-INFO:Creating Markdown Cell for of Histogram Image.
2025-05-12 09:17:30,484-__main__-INFO:Starting GUI App
2025-05-12 09:17:36,226-__main__-INFO:Loaded Dataset file iris.csv
2025-05-12 09:17:41,405-__main__-INFO:Generating Histo for: petal.length attribute
2025-05-12 09:17:41,406-plots-INFO:Staring Create a new notebook object.
2025-05-12 09:17:41,440-plots-INFO:Creating Markdown Cell for of Statistical Summary.
2025-05-12 09:17:41,442-plots-INFO:Creating Markdown Cell for of Histogram Image.
2025-05-12 09:17:41,442-plots-INFO:Staring Histo Plot of petal.length.
2025-05-12 09:17:41,712-plots-INFO:Completed Histo Plot of petal.length as return as utf-8 buffer.
2025-05-12 09:17:41,713-plots-INFO:Creating Markdown Cell for of Boxplot Image.
2025-05-12 09:17:41,713-plots-INFO:Staring Boxplot Plot of petal.length.
2025-05-12 09:17:41,814-plots-ERROR:An unexpected error occurred: No option 'flier_markersizemarker' in section: 'Boxplot'
2025-05-12 09:21:09,596-__main__-INFO:Starting GUI App
2025-05-12 09:21:14,202-__main__-INFO:Loaded Dataset file iris.csv
2025-05-12 09:21:18,213-__main__-INFO:Generating Histo for: petal.width attribute
2025-05-12 09:21:18,214-plots-INFO:Staring Create a new notebook object.
2025-05-12 09:21:18,248-plots-INFO:Creating Markdown Cell for of Statistical Summary.
2025-05-12 09:21:18,250-plots-INFO:Creating Markdown Cell for of Histogram Image.
2025-05-12 09:21:18,250-plots-INFO:Staring Histo Plot of petal.width.
2025-05-12 09:21:18,511-plots-INFO:Completed Histo Plot of petal.width as return as utf-8 buffer.
2025-05-12 09:21:18,511-plots-INFO:Creating Markdown Cell for of Boxplot Image.
2025-05-12 09:21:18,511-plots-INFO:Staring Boxplot Plot of petal.width.
2025-05-12 09:21:18,618-plots-ERROR:An unexpected error occurred: No option 'flier_markersizemarker' in section: 'Boxplot'
2025-05-12 09:24:01,537-__main__-INFO:Starting GUI App
2025-05-12 09:24:06,569-__main__-INFO:Loaded Dataset file iris.csv
2025-05-12 09:24:16,334-__main__-INFO:Generating Histo for: petal.length attribute
2025-05-12 09:28:19,843-__main__-INFO:Starting GUI App
2025-05-12 09:28:25,320-__main__-INFO:Loaded Dataset file iris.csv
2025-05-12 09:28:32,197-__main__-INFO:Generating Histo for: petal.width attribute
2025-05-12 09:30:31,146-__main__-INFO:Starting GUI App
2025-05-12 09:30:37,539-__main__-INFO:Loaded Dataset file iris.csv
2025-05-12 09:30:41,622-__main__-INFO:Generating Histo for: petal.width attribute
2025-05-12 09:30:41,623-plots-INFO:Staring Create a new notebook object.
2025-05-12 09:30:41,656-plots-INFO:Creating Markdown Cell for of Histogram Image.
2025-05-12 09:30:41,656-plots-INFO:Staring Histo Plot of petal.width.
2025-05-12 09:30:41,917-plots-INFO:Completed Histo Plot of petal.width as return as utf-8 buffer.
2025-05-12 09:31:14,762-__main__-INFO:Starting GUI App
2025-05-12 09:31:24,290-__main__-INFO:Loaded Dataset file iris.csv
2025-05-12 09:31:33,581-__main__-INFO:Generating Histo for: petal.width attribute
2025-05-12 09:31:33,582-plots-INFO:Staring Create a new notebook object.
2025-05-12 09:31:33,617-plots-INFO:Creating Markdown Cell for of Statistical Summary.
2025-05-12 09:31:33,619-plots-INFO:Creating Markdown Cell for of Histogram Image.
2025-05-12 09:31:33,619-plots-INFO:Staring Histo Plot of petal.width.
2025-05-12 09:31:33,885-plots-INFO:Completed Histo Plot of petal.width as return as utf-8 buffer.
2025-05-12 09:31:58,859-__main__-INFO:Starting GUI App
2025-05-12 09:32:03,601-__main__-INFO:Loaded Dataset file iris.csv
2025-05-12 09:32:07,925-__main__-INFO:Generating Histo for: petal.length attribute
2025-05-12 09:32:07,926-plots-INFO:Staring Create a new notebook object.
2025-05-12 09:32:07,960-plots-INFO:Creating Markdown Cell for of Boxplot Image.
2025-05-12 09:32:07,961-plots-INFO:Staring Boxplot Plot of petal.length.
2025-05-12 09:32:08,055-plots-ERROR:An unexpected error occurred: No option 'flier_markersizemarker' in section: 'Boxplot'
2025-05-12 09:36:44,245-__main__-INFO:Starting GUI App
2025-05-12 09:36:49,914-__main__-INFO:Loaded Dataset file iris.csv
2025-05-12 09:36:53,486-__main__-INFO:Generating Histo for: petal.width attribute
2025-05-12 09:36:53,487-plots-INFO:Staring Create a new notebook object.
2025-05-12 09:36:53,520-plots-INFO:Creating Markdown Cell for of Boxplot Image.
2025-05-12 09:36:53,520-plots-INFO:Staring Boxplot Plot of petal.width.
2025-05-12 09:36:53,733-plots-INFO:Completed Boxplot Plot of petal.width as returned as utf-8 buffer.
2025-05-12 09:37:31,819-__main__-INFO:Starting GUI App
2025-05-12 09:37:35,794-__main__-INFO:Loaded Dataset file iris.csv
2025-05-12 09:37:39,758-__main__-INFO:Generating Histo for: petal.length attribute
2025-05-12 09:37:39,759-plots-INFO:Staring Create a new notebook object.
2025-05-12 09:37:39,792-plots-INFO:Creating Markdown Cell for of Statistical Summary.
2025-05-12 09:37:39,794-plots-INFO:Creating Markdown Cell for of Histogram Image.
2025-05-12 09:37:39,794-plots-INFO:Staring Histo Plot of petal.length.
2025-05-12 09:37:40,062-plots-INFO:Completed Histo Plot of petal.length as return as utf-8 buffer.
2025-05-12 09:37:40,063-plots-INFO:Creating Markdown Cell for of Boxplot Image.
2025-05-12 09:37:40,063-plots-INFO:Staring Boxplot Plot of petal.length.
2025-05-12 09:37:40,278-plots-INFO:Completed Boxplot Plot of petal.length as returned as utf-8 buffer.
2025-05-12 09:44:32,773-__main__-INFO:Starting GUI App
2025-05-12 09:44:38,202-__main__-INFO:Loaded Dataset file iris.csv
2025-05-12 09:44:42,045-__main__-INFO:Generating Histo for: petal.width attribute
2025-05-12 09:44:42,047-plots-INFO:Staring Create a new notebook object.
2025-05-12 09:44:42,080-plots-INFO:Creating Markdown Cell for of Statistical Summary.
2025-05-12 09:44:42,082-plots-INFO:Creating Markdown Cell for of Histogram Image.
2025-05-12 09:44:42,082-plots-INFO:Staring Histo Plot of petal.width.
2025-05-12 09:44:42,365-plots-INFO:Completed Histo Plot of petal.width as return as utf-8 buffer.
2025-05-12 09:44:42,366-plots-INFO:Creating Markdown Cell for of Boxplot Image.
2025-05-12 09:44:42,366-plots-INFO:Staring Boxplot Plot of petal.width.
2025-05-12 09:44:42,590-plots-INFO:Completed Boxplot Plot of petal.width as returned as utf-8 buffer.
